C51 COMPILER V9.53.0.0   C51_GPIO                                                          06/13/2015 21:39:25 PAGE 1   


C51 COMPILER V9.53.0.0, COMPILATION OF MODULE C51_GPIO
OBJECT MODULE PLACED IN .\C51_GPIO.obj
COMPILER INVOKED BY: d:\Keil_v5\C51\BIN\C51.EXE ..\lib\src\C51_GPIO.C LARGE WARNINGLEVEL(1) OPTIMIZE(8,SPEED) BROWSE INC
                    -DIR(..\lib\inc;..\user;..\lib\inc\mcu;..\lib\inc\sys) DEBUG OBJECTEXTEND PRINT(.\C51_GPIO.lst) TABS(2) OBJECT(.\C51_GPIO
                    -.obj)

line level    source

   1          /******************************************************************
   2          *         STC-51库/STC-51 library file
   3          *
   4          *文件名/file    : c51_gpio.h
   5          *
   6          *功能/function  : C51库GPIO操作文件
   7          *
   8          *协议/licence   : GPL开源/open GPL
   9          *
  10          *作者/author    : J.H.Chen
  11          *
  12          *时间/time      : 2015-06-10
  13          *
  14          *说明/other     : none
  15          ******************************************************************/
  16          #include "C51_Lib.h"
  17          
  18          #ifdef LIB_GPIO_USE
  19          /******************************************************
  20           * FunctionName : GPIO_Init
  21           * Description  : GPIO初始化
  22           * Parameters   : GPIO--指定端口,P0~P5 
  23                            GPIO_InitStruct--初始化类型
  24           * Returns      : none
  25          ******************************************************/
  26          void GPIO_Init(uint8 GPIO, GPIO_InitTypeDef* GPIO_InitStruct)
  27          {
  28   1        if(!IS_GPIO_TYPE(GPIO))
  29   1          return;
  30   1        if(!IS_GPIOMode_Type(GPIO_InitStruct->GPIO_Mode))
  31   1          return;
  32   1        
  33   1        switch(GPIO)
  34   1        {
  35   2          case GPIO_P0:
  36   2          {
  37   3            if(GPIO_InitStruct->GPIO_Mode == GPIO_Mode_PullUp)    P0M1 &= ~GPIO_InitStruct->GPIO_Pin, P0M0 &= ~GPIO_I
             -nitStruct->GPIO_Pin;   //上拉准双向口
  38   3            if(GPIO_InitStruct->GPIO_Mode == GPIO_Mode_FLOATING)  P0M1 |=  GPIO_InitStruct->GPIO_Pin, P0M0 &= ~GPIO_
             -InitStruct->GPIO_Pin;  //浮空输入
  39   3            if(GPIO_InitStruct->GPIO_Mode == GPIO_Mode_Out_OD)    P0M1 |=  GPIO_InitStruct->GPIO_Pin, P0M0 |=  GPIO_I
             -nitStruct->GPIO_Pin;   //开漏输出
  40   3            if(GPIO_InitStruct->GPIO_Mode == GPIO_Mode_Out_PP)    P0M1 &= ~GPIO_InitStruct->GPIO_Pin, P0M0 |=  GPIO_I
             -nitStruct->GPIO_Pin;   //推挽输出
  41   3          }
  42   2          break;
  43   2          
  44   2          case GPIO_P1:
  45   2          {
  46   3            if(GPIO_InitStruct->GPIO_Mode == GPIO_Mode_PullUp)    P1M1 &= ~GPIO_InitStruct->GPIO_Pin, P1M0 &= ~GPIO_I
             -nitStruct->GPIO_Pin;   //上拉准双向口
  47   3            if(GPIO_InitStruct->GPIO_Mode == GPIO_Mode_FLOATING)  P1M1 |=  GPIO_InitStruct->GPIO_Pin, P1M0 &= ~GPIO_
             -InitStruct->GPIO_Pin;  //浮空输入
C51 COMPILER V9.53.0.0   C51_GPIO                                                          06/13/2015 21:39:25 PAGE 2   

  48   3            if(GPIO_InitStruct->GPIO_Mode == GPIO_Mode_Out_OD)    P1M1 |=  GPIO_InitStruct->GPIO_Pin, P1M0 |=  GPIO_I
             -nitStruct->GPIO_Pin;   //开漏输出
  49   3            if(GPIO_InitStruct->GPIO_Mode == GPIO_Mode_Out_PP)    P1M1 &= ~GPIO_InitStruct->GPIO_Pin, P1M0 |=  GPIO_I
             -nitStruct->GPIO_Pin;   //推挽输出
  50   3          }
  51   2          break;
  52   2          
  53   2          case GPIO_P2:
  54   2          {
  55   3            if(GPIO_InitStruct->GPIO_Mode == GPIO_Mode_PullUp)    P2M1 &= ~GPIO_InitStruct->GPIO_Pin, P2M0 &= ~GPIO_I
             -nitStruct->GPIO_Pin;   //上拉准双向口
  56   3            if(GPIO_InitStruct->GPIO_Mode == GPIO_Mode_FLOATING)  P2M1 |=  GPIO_InitStruct->GPIO_Pin, P2M0 &= ~GPIO_
             -InitStruct->GPIO_Pin;  //浮空输入
  57   3            if(GPIO_InitStruct->GPIO_Mode == GPIO_Mode_Out_OD)    P2M1 |=  GPIO_InitStruct->GPIO_Pin, P2M0 |=  GPIO_I
             -nitStruct->GPIO_Pin;   //开漏输出
  58   3            if(GPIO_InitStruct->GPIO_Mode == GPIO_Mode_Out_PP)    P2M1 &= ~GPIO_InitStruct->GPIO_Pin, P2M0 |=  GPIO_I
             -nitStruct->GPIO_Pin;   //推挽输出
  59   3          }
  60   2          break;
  61   2          
  62   2          case GPIO_P3:
  63   2          {
  64   3            if(GPIO_InitStruct->GPIO_Mode == GPIO_Mode_PullUp)    P3M1 &= ~GPIO_InitStruct->GPIO_Pin, P3M0 &= ~GPIO_I
             -nitStruct->GPIO_Pin;   //上拉准双向口
  65   3            if(GPIO_InitStruct->GPIO_Mode == GPIO_Mode_FLOATING)  P3M1 |=  GPIO_InitStruct->GPIO_Pin, P3M0 &= ~GPIO_
             -InitStruct->GPIO_Pin;  //浮空输入
  66   3            if(GPIO_InitStruct->GPIO_Mode == GPIO_Mode_Out_OD)    P3M1 |=  GPIO_InitStruct->GPIO_Pin, P3M0 |=  GPIO_I
             -nitStruct->GPIO_Pin;   //开漏输出
  67   3            if(GPIO_InitStruct->GPIO_Mode == GPIO_Mode_Out_PP)    P3M1 &= ~GPIO_InitStruct->GPIO_Pin, P3M0 |=  GPIO_I
             -nitStruct->GPIO_Pin;   //推挽输出
  68   3          }
  69   2          break;
  70   2          
  71   2          case GPIO_P4:
  72   2          {
  73   3            if(GPIO_InitStruct->GPIO_Mode == GPIO_Mode_PullUp)    P4M1 &= ~GPIO_InitStruct->GPIO_Pin, P4M0 &= ~GPIO_I
             -nitStruct->GPIO_Pin;   //上拉准双向口
  74   3            if(GPIO_InitStruct->GPIO_Mode == GPIO_Mode_FLOATING)  P4M1 |=  GPIO_InitStruct->GPIO_Pin, P4M0 &= ~GPIO_
             -InitStruct->GPIO_Pin;  //浮空输入
  75   3            if(GPIO_InitStruct->GPIO_Mode == GPIO_Mode_Out_OD)    P4M1 |=  GPIO_InitStruct->GPIO_Pin, P4M0 |=  GPIO_I
             -nitStruct->GPIO_Pin;   //开漏输出
  76   3            if(GPIO_InitStruct->GPIO_Mode == GPIO_Mode_Out_PP)    P4M1 &= ~GPIO_InitStruct->GPIO_Pin, P4M0 |=  GPIO_I
             -nitStruct->GPIO_Pin;   //推挽输出
  77   3          }
  78   2          break;
  79   2          
  80   2          case GPIO_P5:
  81   2          {
  82   3            if(GPIO_InitStruct->GPIO_Mode == GPIO_Mode_PullUp)    P5M1 &= ~GPIO_InitStruct->GPIO_Pin, P5M0 &= ~GPIO_I
             -nitStruct->GPIO_Pin;   //上拉准双向口
  83   3            if(GPIO_InitStruct->GPIO_Mode == GPIO_Mode_FLOATING)  P5M1 |=  GPIO_InitStruct->GPIO_Pin, P5M0 &= ~GPIO_
             -InitStruct->GPIO_Pin;  //浮空输入
  84   3            if(GPIO_InitStruct->GPIO_Mode == GPIO_Mode_Out_OD)    P5M1 |=  GPIO_InitStruct->GPIO_Pin, P5M0 |=  GPIO_I
             -nitStruct->GPIO_Pin;   //开漏输出
  85   3            if(GPIO_InitStruct->GPIO_Mode == GPIO_Mode_Out_PP)    P5M1 &= ~GPIO_InitStruct->GPIO_Pin, P5M0 |=  GPIO_I
             -nitStruct->GPIO_Pin;   //推挽输出
  86   3          }
  87   2          break;
  88   2        }
  89   1      }
  90          #endif

C51 COMPILER V9.53.0.0   C51_GPIO                                                          06/13/2015 21:39:25 PAGE 3   


MODULE INFORMATION:   STATIC OVERLAYABLE
   CODE SIZE        =    506    ----
   CONSTANT SIZE    =   ----    ----
   XDATA SIZE       =   ----    ----
   PDATA SIZE       =   ----    ----
   DATA SIZE        =   ----    ----
   IDATA SIZE       =   ----    ----
   BIT SIZE         =   ----    ----
END OF MODULE INFORMATION.


C51 COMPILATION COMPLETE.  0 WARNING(S),  0 ERROR(S)
