C51 COMPILER V9.53.0.0   C51_HARDWARE_INIT                                                 06/13/2015 20:14:19 PAGE 1   


C51 COMPILER V9.53.0.0, COMPILATION OF MODULE C51_HARDWARE_INIT
OBJECT MODULE PLACED IN .\C51_Hardware_Init.obj
COMPILER INVOKED BY: d:\Keil_v5\C51\BIN\C51.EXE ..\hal\C51_Hardware_Init.C LARGE WARNINGLEVEL(1) OPTIMIZE(8,SPEED) BROWS
                    -E INCDIR(..\lib\inc;..\user;..\lib\inc\mcu;..\lib\inc\sys) DEBUG OBJECTEXTEND PRINT(.\C51_Hardware_Init.lst) TABS(2) OBJ
                    -ECT(.\C51_Hardware_Init.obj)

line level    source

   1          /******************************************************************
   2          *         STC-51库/STC-51 library file
   3          *
   4          *文件名/file    : c51_hardware_intt.c
   5          *
   6          *功能/function  : C51库硬件初始化文件
   7          *
   8          *协议/licence   : GPL开源/open GPL
   9          *
  10          *作者/author    : J.H.Chen
  11          *
  12          *时间/time      : 2015-06-10
  13          *
  14          *说明/other     : none
  15          ******************************************************************/
  16          #include "C51_Lib.h"
  17          
  18          void SystemInit()
  19          {
  20   1        timer0init();
  21   1      }


MODULE INFORMATION:   STATIC OVERLAYABLE
   CODE SIZE        =      3    ----
   CONSTANT SIZE    =   ----    ----
   XDATA SIZE       =   ----    ----
   PDATA SIZE       =   ----    ----
   DATA SIZE        =   ----    ----
   IDATA SIZE       =   ----    ----
   BIT SIZE         =   ----    ----
END OF MODULE INFORMATION.


C51 COMPILATION COMPLETE.  0 WARNING(S),  0 ERROR(S)
