C51 COMPILER V9.53.0.0   USER_MAIN                                                         06/13/2015 20:22:12 PAGE 1   


C51 COMPILER V9.53.0.0, COMPILATION OF MODULE USER_MAIN
OBJECT MODULE PLACED IN .\user_main.obj
COMPILER INVOKED BY: d:\Keil_v5\C51\BIN\C51.EXE ..\user\user_main.c LARGE WARNINGLEVEL(1) OPTIMIZE(8,SPEED) BROWSE INCDI
                    -R(..\lib\inc;..\user;..\lib\inc\mcu;..\lib\inc\sys) DEBUG OBJECTEXTEND PRINT(.\user_main.lst) TABS(2) OBJECT(.\user_main
                    -.obj)

line level    source

   1          /******************************************************************
   2          *         STC-51库/STC-51 library file
   3          *
   4          *文件名/file    : user_main.c
   5          *
   6          *功能/function  : C51库用户文件/user file
   7          *
   8          *协议/licence   : GPL开源/open GPL
   9          *
  10          *作者/author    : J.H.Chen
  11          *
  12          *时间/time      : 2015-05-28
  13          *
  14          *说明/other     : 此文件编写用户程序逻辑
  15                            user application in this file
  16          ******************************************************************/
  17          #include "C51_Lib.h"
  18          
  19          
  20          /******************************************************
  21           * FunctionName : user_init
  22           * Description  : 初始化函数,用于系统初始化
  23           * Parameters   : none
  24           * Returns      : none
  25          ******************************************************/
  26          void user_init()
  27          {
  28   1        UartInit(115200);
  29   1      }
  30          
  31          void uart_fn(uint8 arg)
  32          {
  33   1        UartwriteStr("Hello STClib..\n",0);
  34   1      }
  35          
  36          
  37          /******************************************************
  38           * FunctionName : user_application
  39           * Description  : 用户APP程序段
  40           * Parameters   : none
  41           * Returns      : none
  42          ******************************************************/
  43          void user_application()
  44          {
  45   1        timer0_t timer_led;
  46   1        timer_disarm(&timer_led);
  47   1        timer_setfn(&timer_led,(sysTimer0Func)uart_fn,1);
  48   1        timer_arm(&timer_led,1000,Timer_Status_repeat);
  49   1        while(true)
  50   1        {
  51   2        }
  52   1      }

C51 COMPILER V9.53.0.0   USER_MAIN                                                         06/13/2015 20:22:12 PAGE 2   


MODULE INFORMATION:   STATIC OVERLAYABLE
   CODE SIZE        =     80    ----
   CONSTANT SIZE    =     16    ----
   XDATA SIZE       =   ----      16
   PDATA SIZE       =   ----    ----
   DATA SIZE        =   ----    ----
   IDATA SIZE       =   ----    ----
   BIT SIZE         =   ----    ----
END OF MODULE INFORMATION.


C51 COMPILATION COMPLETE.  0 WARNING(S),  0 ERROR(S)
